<?xml version="1.0" encoding="UTF-8"?>
<!-- Generated by org.testng.reporters.JUnitReportReporter -->
<testsuite hostname="Ahmed-Laptop" failures="0" tests="2" name="pages.HomePageTest" time="20.489" errors="0" timestamp="2024-02-27T09:44:59 EST" skipped="0">
  <testcase classname="pages.HomePageTest" name="clickSignInFeildTest" time="10.478"/>
  <testcase classname="pages.HomePageTest" name="clickSearchFieldTest" time="10.011"/>
</testsuite> <!-- pages.HomePageTest -->
